{"/var/www/html/resources/js/confirm-delete.ts": {"path":"/var/www/html/resources/js/confirm-delete.ts","statementMap":{"0":{"start":{"line":3,"column":0},"end":{"line":20,"column":null}},"1":{"start":{"line":4,"column":34},"end":{"line":4,"column":null}},"2":{"start":{"line":5,"column":4},"end":{"line":7,"column":null}},"3":{"start":{"line":6,"column":8},"end":{"line":6,"column":null}},"4":{"start":{"line":9,"column":4},"end":{"line":9,"column":null}},"5":{"start":{"line":11,"column":39},"end":{"line":11,"column":null}},"6":{"start":{"line":12,"column":26},"end":{"line":12,"column":null}},"7":{"start":{"line":13,"column":28},"end":{"line":13,"column":null}},"8":{"start":{"line":15,"column":4},"end":{"line":19,"column":null}},"9":{"start":{"line":16,"column":8},"end":{"line":18,"column":null}},"10":{"start":{"line":17,"column":12},"end":{"line":17,"column":null}}},"fnMap":{"0":{"name":"(anonymous_0)","decl":{"start":{"line":3,"column":36},"end":{"line":3,"column":37}},"loc":{"start":{"line":3,"column":66},"end":{"line":20,"column":1}},"line":3},"1":{"name":"(anonymous_1)","decl":{"start":{"line":15,"column":59},"end":{"line":15,"column":60}},"loc":{"start":{"line":15,"column":89},"end":{"line":19,"column":5}},"line":15}},"branchMap":{"0":{"loc":{"start":{"line":5,"column":4},"end":{"line":7,"column":null}},"type":"if","locations":[{"start":{"line":5,"column":4},"end":{"line":7,"column":null}},{"start":{},"end":{}}],"line":5},"1":{"loc":{"start":{"line":12,"column":26},"end":{"line":12,"column":null}},"type":"binary-expr","locations":[{"start":{"line":12,"column":26},"end":{"line":12,"column":72}},{"start":{"line":12,"column":72},"end":{"line":12,"column":null}}],"line":12},"2":{"loc":{"start":{"line":13,"column":28},"end":{"line":13,"column":null}},"type":"binary-expr","locations":[{"start":{"line":13,"column":28},"end":{"line":13,"column":76}},{"start":{"line":13,"column":76},"end":{"line":13,"column":null}}],"line":13},"3":{"loc":{"start":{"line":16,"column":8},"end":{"line":18,"column":null}},"type":"if","locations":[{"start":{"line":16,"column":8},"end":{"line":18,"column":null}},{"start":{},"end":{}}],"line":16}},"s":{"0":4,"1":10,"2":10,"3":4,"4":6,"5":6,"6":6,"7":10,"8":10,"9":6,"10":2},"f":{"0":10,"1":6},"b":{"0":[4,6],"1":[6,3],"2":[10,3],"3":[2,4]},"meta":{"lastBranch":4,"lastFunction":2,"lastStatement":11,"seen":{"s:3:0:20:Infinity":0,"f:3:36:3:37":0,"s:4:34:4:Infinity":1,"b:5:4:7:Infinity:undefined:undefined:undefined:undefined":0,"s:5:4:7:Infinity":2,"s:6:8:6:Infinity":3,"s:9:4:9:Infinity":4,"s:11:39:11:Infinity":5,"s:12:26:12:Infinity":6,"b:12:26:12:72:12:72:12:Infinity":1,"s:13:28:13:Infinity":7,"b:13:28:13:76:13:76:13:Infinity":2,"s:15:4:19:Infinity":8,"f:15:59:15:60":1,"b:16:8:18:Infinity:undefined:undefined:undefined:undefined":3,"s:16:8:18:Infinity":9,"s:17:12:17:Infinity":10}}}
,"/var/www/html/resources/js/dropdown.ts": {"path":"/var/www/html/resources/js/dropdown.ts","statementMap":{"0":{"start":{"line":3,"column":21},"end":{"line":3,"column":null}},"1":{"start":{"line":6,"column":4},"end":{"line":6,"column":null}},"2":{"start":{"line":10,"column":4},"end":{"line":10,"column":null}},"3":{"start":{"line":14,"column":17},"end":{"line":14,"column":null}},"4":{"start":{"line":15,"column":19},"end":{"line":15,"column":null}},"5":{"start":{"line":16,"column":4},"end":{"line":18,"column":null}},"6":{"start":{"line":17,"column":8},"end":{"line":17,"column":null}},"7":{"start":{"line":20,"column":4},"end":{"line":20,"column":null}},"8":{"start":{"line":21,"column":4},"end":{"line":21,"column":null}},"9":{"start":{"line":23,"column":18},"end":{"line":23,"column":null}},"10":{"start":{"line":24,"column":4},"end":{"line":26,"column":null}},"11":{"start":{"line":25,"column":8},"end":{"line":25,"column":null}},"12":{"start":{"line":30,"column":17},"end":{"line":30,"column":null}},"13":{"start":{"line":31,"column":19},"end":{"line":31,"column":null}},"14":{"start":{"line":32,"column":4},"end":{"line":34,"column":null}},"15":{"start":{"line":33,"column":8},"end":{"line":33,"column":null}},"16":{"start":{"line":36,"column":4},"end":{"line":36,"column":null}},"17":{"start":{"line":37,"column":4},"end":{"line":37,"column":null}},"18":{"start":{"line":38,"column":4},"end":{"line":38,"column":null}},"19":{"start":{"line":42,"column":17},"end":{"line":42,"column":null}},"20":{"start":{"line":43,"column":19},"end":{"line":43,"column":null}},"21":{"start":{"line":44,"column":4},"end":{"line":46,"column":null}},"22":{"start":{"line":45,"column":8},"end":{"line":45,"column":null}},"23":{"start":{"line":48,"column":4},"end":{"line":48,"column":null}},"24":{"start":{"line":49,"column":4},"end":{"line":49,"column":null}},"25":{"start":{"line":53,"column":17},"end":{"line":53,"column":null}},"26":{"start":{"line":54,"column":4},"end":{"line":54,"column":null}},"27":{"start":{"line":58,"column":19},"end":{"line":58,"column":null}},"28":{"start":{"line":60,"column":4},"end":{"line":68,"column":null}},"29":{"start":{"line":61,"column":8},"end":{"line":65,"column":null}},"30":{"start":{"line":62,"column":12},"end":{"line":62,"column":null}},"31":{"start":{"line":64,"column":12},"end":{"line":64,"column":null}},"32":{"start":{"line":66,"column":4},"end":{"line":68,"column":null}},"33":{"start":{"line":67,"column":8},"end":{"line":67,"column":null}},"34":{"start":{"line":72,"column":18},"end":{"line":72,"column":null}},"35":{"start":{"line":73,"column":4},"end":{"line":75,"column":null}},"36":{"start":{"line":74,"column":8},"end":{"line":74,"column":null}},"37":{"start":{"line":77,"column":25},"end":{"line":77,"column":null}},"38":{"start":{"line":78,"column":10},"end":{"line":78,"column":null}},"39":{"start":{"line":79,"column":4},"end":{"line":79,"column":null}},"40":{"start":{"line":83,"column":4},"end":{"line":87,"column":null}},"41":{"start":{"line":84,"column":8},"end":{"line":86,"column":null}},"42":{"start":{"line":85,"column":12},"end":{"line":85,"column":null}},"43":{"start":{"line":91,"column":19},"end":{"line":91,"column":null}},"44":{"start":{"line":92,"column":21},"end":{"line":92,"column":null}},"45":{"start":{"line":93,"column":4},"end":{"line":95,"column":null}},"46":{"start":{"line":94,"column":8},"end":{"line":94,"column":null}},"47":{"start":{"line":97,"column":17},"end":{"line":97,"column":null}},"48":{"start":{"line":98,"column":4},"end":{"line":100,"column":null}},"49":{"start":{"line":99,"column":8},"end":{"line":99,"column":null}},"50":{"start":{"line":102,"column":4},"end":{"line":102,"column":null}},"51":{"start":{"line":103,"column":22},"end":{"line":103,"column":null}},"52":{"start":{"line":104,"column":4},"end":{"line":104,"column":null}},"53":{"start":{"line":107,"column":0},"end":{"line":113,"column":null}},"54":{"start":{"line":108,"column":19},"end":{"line":108,"column":null}},"55":{"start":{"line":110,"column":4},"end":{"line":112,"column":null}},"56":{"start":{"line":111,"column":8},"end":{"line":111,"column":null}},"57":{"start":{"line":115,"column":0},"end":{"line":124,"column":null}},"58":{"start":{"line":116,"column":4},"end":{"line":119,"column":null}},"59":{"start":{"line":117,"column":8},"end":{"line":117,"column":null}},"60":{"start":{"line":118,"column":8},"end":{"line":118,"column":null}},"61":{"start":{"line":121,"column":4},"end":{"line":123,"column":null}},"62":{"start":{"line":122,"column":8},"end":{"line":122,"column":null}}},"fnMap":{"0":{"name":"getDropdowns","decl":{"start":{"line":5,"column":9},"end":{"line":5,"column":49}},"loc":{"start":{"line":5,"column":49},"end":{"line":7,"column":null}},"line":5},"1":{"name":"getMenuItems","decl":{"start":{"line":9,"column":9},"end":{"line":9,"column":22}},"loc":{"start":{"line":9,"column":56},"end":{"line":11,"column":null}},"line":9},"2":{"name":"openDropdown","decl":{"start":{"line":13,"column":9},"end":{"line":13,"column":22}},"loc":{"start":{"line":13,"column":51},"end":{"line":27,"column":null}},"line":13},"3":{"name":"closeDropdown","decl":{"start":{"line":29,"column":9},"end":{"line":29,"column":23}},"loc":{"start":{"line":29,"column":52},"end":{"line":39,"column":null}},"line":29},"4":{"name":"silentClose","decl":{"start":{"line":41,"column":9},"end":{"line":41,"column":21}},"loc":{"start":{"line":41,"column":50},"end":{"line":50,"column":null}},"line":41},"5":{"name":"isOpen","decl":{"start":{"line":52,"column":9},"end":{"line":52,"column":16}},"loc":{"start":{"line":52,"column":48},"end":{"line":55,"column":null}},"line":52},"6":{"name":"handleToggleClick","decl":{"start":{"line":57,"column":9},"end":{"line":57,"column":27}},"loc":{"start":{"line":57,"column":70},"end":{"line":69,"column":null}},"line":57},"7":{"name":"focusMenuItem","decl":{"start":{"line":71,"column":9},"end":{"line":71,"column":23}},"loc":{"start":{"line":71,"column":67},"end":{"line":80,"column":null}},"line":71},"8":{"name":"handleEscape","decl":{"start":{"line":82,"column":9},"end":{"line":82,"column":30}},"loc":{"start":{"line":82,"column":30},"end":{"line":88,"column":null}},"line":82},"9":{"name":"handleArrowKey","decl":{"start":{"line":90,"column":9},"end":{"line":90,"column":24}},"loc":{"start":{"line":90,"column":52},"end":{"line":105,"column":null}},"line":90},"10":{"name":"(anonymous_10)","decl":{"start":{"line":107,"column":35},"end":{"line":107,"column":36}},"loc":{"start":{"line":107,"column":64},"end":{"line":113,"column":1}},"line":107},"11":{"name":"(anonymous_11)","decl":{"start":{"line":115,"column":37},"end":{"line":115,"column":38}},"loc":{"start":{"line":115,"column":69},"end":{"line":124,"column":1}},"line":115}},"branchMap":{"0":{"loc":{"start":{"line":16,"column":4},"end":{"line":18,"column":null}},"type":"if","locations":[{"start":{"line":16,"column":4},"end":{"line":18,"column":null}},{"start":{},"end":{}}],"line":16},"1":{"loc":{"start":{"line":16,"column":8},"end":{"line":16,"column":26}},"type":"binary-expr","locations":[{"start":{"line":16,"column":8},"end":{"line":16,"column":17}},{"start":{"line":16,"column":17},"end":{"line":16,"column":26}}],"line":16},"2":{"loc":{"start":{"line":24,"column":4},"end":{"line":26,"column":null}},"type":"if","locations":[{"start":{"line":24,"column":4},"end":{"line":26,"column":null}},{"start":{},"end":{}}],"line":24},"3":{"loc":{"start":{"line":32,"column":4},"end":{"line":34,"column":null}},"type":"if","locations":[{"start":{"line":32,"column":4},"end":{"line":34,"column":null}},{"start":{},"end":{}}],"line":32},"4":{"loc":{"start":{"line":32,"column":8},"end":{"line":32,"column":26}},"type":"binary-expr","locations":[{"start":{"line":32,"column":8},"end":{"line":32,"column":17}},{"start":{"line":32,"column":17},"end":{"line":32,"column":26}}],"line":32},"5":{"loc":{"start":{"line":44,"column":4},"end":{"line":46,"column":null}},"type":"if","locations":[{"start":{"line":44,"column":4},"end":{"line":46,"column":null}},{"start":{},"end":{}}],"line":44},"6":{"loc":{"start":{"line":44,"column":8},"end":{"line":44,"column":26}},"type":"binary-expr","locations":[{"start":{"line":44,"column":8},"end":{"line":44,"column":17}},{"start":{"line":44,"column":17},"end":{"line":44,"column":26}}],"line":44},"7":{"loc":{"start":{"line":54,"column":11},"end":{"line":54,"column":null}},"type":"binary-expr","locations":[{"start":{"line":54,"column":11},"end":{"line":54,"column":28}},{"start":{"line":54,"column":28},"end":{"line":54,"column":null}}],"line":54},"8":{"loc":{"start":{"line":60,"column":4},"end":{"line":68,"column":null}},"type":"if","locations":[{"start":{"line":60,"column":4},"end":{"line":68,"column":null}},{"start":{"line":66,"column":4},"end":{"line":68,"column":null}}],"line":60},"9":{"loc":{"start":{"line":61,"column":8},"end":{"line":65,"column":null}},"type":"if","locations":[{"start":{"line":61,"column":8},"end":{"line":65,"column":null}},{"start":{"line":63,"column":15},"end":{"line":65,"column":null}}],"line":61},"10":{"loc":{"start":{"line":66,"column":4},"end":{"line":68,"column":null}},"type":"if","locations":[{"start":{"line":66,"column":4},"end":{"line":68,"column":null}},{"start":{},"end":{}}],"line":66},"11":{"loc":{"start":{"line":66,"column":15},"end":{"line":66,"column":63}},"type":"binary-expr","locations":[{"start":{"line":66,"column":15},"end":{"line":66,"column":45}},{"start":{"line":66,"column":45},"end":{"line":66,"column":63}}],"line":66},"12":{"loc":{"start":{"line":73,"column":4},"end":{"line":75,"column":null}},"type":"if","locations":[{"start":{"line":73,"column":4},"end":{"line":75,"column":null}},{"start":{},"end":{}}],"line":73},"13":{"loc":{"start":{"line":84,"column":8},"end":{"line":86,"column":null}},"type":"if","locations":[{"start":{"line":84,"column":8},"end":{"line":86,"column":null}},{"start":{},"end":{}}],"line":84},"14":{"loc":{"start":{"line":93,"column":4},"end":{"line":95,"column":null}},"type":"if","locations":[{"start":{"line":93,"column":4},"end":{"line":95,"column":null}},{"start":{},"end":{}}],"line":93},"15":{"loc":{"start":{"line":98,"column":4},"end":{"line":100,"column":null}},"type":"if","locations":[{"start":{"line":98,"column":4},"end":{"line":100,"column":null}},{"start":{},"end":{}}],"line":98},"16":{"loc":{"start":{"line":98,"column":8},"end":{"line":98,"column":36}},"type":"binary-expr","locations":[{"start":{"line":98,"column":8},"end":{"line":98,"column":17}},{"start":{"line":98,"column":17},"end":{"line":98,"column":36}}],"line":98},"17":{"loc":{"start":{"line":103,"column":22},"end":{"line":103,"column":null}},"type":"cond-expr","locations":[{"start":{"line":103,"column":50},"end":{"line":103,"column":54}},{"start":{"line":103,"column":54},"end":{"line":103,"column":null}}],"line":103},"18":{"loc":{"start":{"line":116,"column":4},"end":{"line":119,"column":null}},"type":"if","locations":[{"start":{"line":116,"column":4},"end":{"line":119,"column":null}},{"start":{},"end":{}}],"line":116},"19":{"loc":{"start":{"line":121,"column":4},"end":{"line":123,"column":null}},"type":"if","locations":[{"start":{"line":121,"column":4},"end":{"line":123,"column":null}},{"start":{},"end":{}}],"line":121},"20":{"loc":{"start":{"line":121,"column":8},"end":{"line":121,"column":62}},"type":"binary-expr","locations":[{"start":{"line":121,"column":8},"end":{"line":121,"column":37}},{"start":{"line":121,"column":37},"end":{"line":121,"column":62}}],"line":121}},"s":{"0":1,"1":21,"2":17,"3":14,"4":14,"5":14,"6":1,"7":13,"8":13,"9":13,"10":13,"11":11,"12":3,"13":3,"14":3,"15":1,"16":2,"17":2,"18":2,"19":2,"20":2,"21":2,"22":1,"23":1,"24":1,"25":25,"26":25,"27":18,"28":18,"29":15,"30":1,"31":14,"32":3,"33":2,"34":4,"35":4,"36":1,"37":3,"38":3,"39":3,"40":3,"41":3,"42":2,"43":6,"44":6,"45":6,"46":1,"47":5,"48":5,"49":1,"50":4,"51":4,"52":6,"53":1,"54":18,"55":18,"56":18,"57":1,"58":10,"59":3,"60":3,"61":7,"62":6},"f":{"0":21,"1":17,"2":14,"3":3,"4":2,"5":25,"6":18,"7":4,"8":3,"9":6,"10":18,"11":10},"b":{"0":[1,13],"1":[14,13],"2":[11,2],"3":[1,2],"4":[3,3],"5":[1,1],"6":[2,2],"7":[25,24],"8":[15,3],"9":[1,14],"10":[2,1],"11":[3,2],"12":[1,3],"13":[2,1],"14":[1,5],"15":[1,4],"16":[5,5],"17":[3,1],"18":[3,7],"19":[6,1],"20":[7,2]},"meta":{"lastBranch":21,"lastFunction":12,"lastStatement":63,"seen":{"s:3:21:3:Infinity":0,"f:5:9:5:49":0,"s:6:4:6:Infinity":1,"f:9:9:9:22":1,"s:10:4:10:Infinity":2,"f:13:9:13:22":2,"s:14:17:14:Infinity":3,"s:15:19:15:Infinity":4,"b:16:4:18:Infinity:undefined:undefined:undefined:undefined":0,"s:16:4:18:Infinity":5,"b:16:8:16:17:16:17:16:26":1,"s:17:8:17:Infinity":6,"s:20:4:20:Infinity":7,"s:21:4:21:Infinity":8,"s:23:18:23:Infinity":9,"b:24:4:26:Infinity:undefined:undefined:undefined:undefined":2,"s:24:4:26:Infinity":10,"s:25:8:25:Infinity":11,"f:29:9:29:23":3,"s:30:17:30:Infinity":12,"s:31:19:31:Infinity":13,"b:32:4:34:Infinity:undefined:undefined:undefined:undefined":3,"s:32:4:34:Infinity":14,"b:32:8:32:17:32:17:32:26":4,"s:33:8:33:Infinity":15,"s:36:4:36:Infinity":16,"s:37:4:37:Infinity":17,"s:38:4:38:Infinity":18,"f:41:9:41:21":4,"s:42:17:42:Infinity":19,"s:43:19:43:Infinity":20,"b:44:4:46:Infinity:undefined:undefined:undefined:undefined":5,"s:44:4:46:Infinity":21,"b:44:8:44:17:44:17:44:26":6,"s:45:8:45:Infinity":22,"s:48:4:48:Infinity":23,"s:49:4:49:Infinity":24,"f:52:9:52:16":5,"s:53:17:53:Infinity":25,"s:54:4:54:Infinity":26,"b:54:11:54:28:54:28:54:Infinity":7,"f:57:9:57:27":6,"s:58:19:58:Infinity":27,"b:60:4:68:Infinity:66:4:68:Infinity":8,"s:60:4:68:Infinity":28,"b:61:8:65:Infinity:63:15:65:Infinity":9,"s:61:8:65:Infinity":29,"s:62:12:62:Infinity":30,"s:64:12:64:Infinity":31,"b:66:4:68:Infinity:undefined:undefined:undefined:undefined":10,"s:66:4:68:Infinity":32,"b:66:15:66:45:66:45:66:63":11,"s:67:8:67:Infinity":33,"f:71:9:71:23":7,"s:72:18:72:Infinity":34,"b:73:4:75:Infinity:undefined:undefined:undefined:undefined":12,"s:73:4:75:Infinity":35,"s:74:8:74:Infinity":36,"s:77:25:77:Infinity":37,"s:78:10:78:Infinity":38,"s:79:4:79:Infinity":39,"f:82:9:82:30":8,"s:83:4:87:Infinity":40,"b:84:8:86:Infinity:undefined:undefined:undefined:undefined":13,"s:84:8:86:Infinity":41,"s:85:12:85:Infinity":42,"f:90:9:90:24":9,"s:91:19:91:Infinity":43,"s:92:21:92:Infinity":44,"b:93:4:95:Infinity:undefined:undefined:undefined:undefined":14,"s:93:4:95:Infinity":45,"s:94:8:94:Infinity":46,"s:97:17:97:Infinity":47,"b:98:4:100:Infinity:undefined:undefined:undefined:undefined":15,"s:98:4:100:Infinity":48,"b:98:8:98:17:98:17:98:36":16,"s:99:8:99:Infinity":49,"s:102:4:102:Infinity":50,"s:103:22:103:Infinity":51,"b:103:50:103:54:103:54:103:Infinity":17,"s:104:4:104:Infinity":52,"s:107:0:113:Infinity":53,"f:107:35:107:36":10,"s:108:19:108:Infinity":54,"s:110:4:112:Infinity":55,"s:111:8:111:Infinity":56,"s:115:0:124:Infinity":57,"f:115:37:115:38":11,"b:116:4:119:Infinity:undefined:undefined:undefined:undefined":18,"s:116:4:119:Infinity":58,"s:117:8:117:Infinity":59,"s:118:8:118:Infinity":60,"b:121:4:123:Infinity:undefined:undefined:undefined:undefined":19,"s:121:4:123:Infinity":61,"b:121:8:121:37:121:37:121:62":20,"s:122:8:122:Infinity":62}}}
,"/var/www/html/resources/js/mobile-sidebar.ts": {"path":"/var/www/html/resources/js/mobile-sidebar.ts","statementMap":{"0":{"start":{"line":3,"column":21},"end":{"line":3,"column":null}},"1":{"start":{"line":6,"column":4},"end":{"line":6,"column":null}},"2":{"start":{"line":10,"column":20},"end":{"line":10,"column":null}},"3":{"start":{"line":11,"column":4},"end":{"line":13,"column":null}},"4":{"start":{"line":12,"column":8},"end":{"line":12,"column":null}},"5":{"start":{"line":15,"column":4},"end":{"line":15,"column":null}},"6":{"start":{"line":16,"column":4},"end":{"line":16,"column":null}},"7":{"start":{"line":18,"column":24},"end":{"line":18,"column":null}},"8":{"start":{"line":19,"column":4},"end":{"line":21,"column":null}},"9":{"start":{"line":20,"column":8},"end":{"line":20,"column":null}},"10":{"start":{"line":25,"column":20},"end":{"line":25,"column":null}},"11":{"start":{"line":26,"column":4},"end":{"line":28,"column":null}},"12":{"start":{"line":27,"column":8},"end":{"line":27,"column":null}},"13":{"start":{"line":30,"column":4},"end":{"line":30,"column":null}},"14":{"start":{"line":31,"column":4},"end":{"line":31,"column":null}},"15":{"start":{"line":33,"column":23},"end":{"line":33,"column":null}},"16":{"start":{"line":34,"column":4},"end":{"line":36,"column":null}},"17":{"start":{"line":35,"column":8},"end":{"line":35,"column":null}},"18":{"start":{"line":40,"column":20},"end":{"line":40,"column":null}},"19":{"start":{"line":41,"column":4},"end":{"line":41,"column":null}},"20":{"start":{"line":44,"column":0},"end":{"line":61,"column":null}},"21":{"start":{"line":45,"column":19},"end":{"line":45,"column":null}},"22":{"start":{"line":47,"column":4},"end":{"line":50,"column":null}},"23":{"start":{"line":48,"column":8},"end":{"line":48,"column":null}},"24":{"start":{"line":49,"column":8},"end":{"line":49,"column":null}},"25":{"start":{"line":52,"column":4},"end":{"line":55,"column":null}},"26":{"start":{"line":53,"column":8},"end":{"line":53,"column":null}},"27":{"start":{"line":54,"column":8},"end":{"line":54,"column":null}},"28":{"start":{"line":57,"column":20},"end":{"line":57,"column":null}},"29":{"start":{"line":58,"column":4},"end":{"line":60,"column":null}},"30":{"start":{"line":59,"column":8},"end":{"line":59,"column":null}},"31":{"start":{"line":63,"column":0},"end":{"line":67,"column":null}},"32":{"start":{"line":64,"column":4},"end":{"line":66,"column":null}},"33":{"start":{"line":65,"column":8},"end":{"line":65,"column":null}}},"fnMap":{"0":{"name":"getOverlay","decl":{"start":{"line":5,"column":9},"end":{"line":5,"column":42}},"loc":{"start":{"line":5,"column":42},"end":{"line":7,"column":null}},"line":5},"1":{"name":"openSidebar","decl":{"start":{"line":9,"column":9},"end":{"line":9,"column":29}},"loc":{"start":{"line":9,"column":29},"end":{"line":22,"column":null}},"line":9},"2":{"name":"closeSidebar","decl":{"start":{"line":24,"column":9},"end":{"line":24,"column":30}},"loc":{"start":{"line":24,"column":30},"end":{"line":37,"column":null}},"line":24},"3":{"name":"isSidebarOpen","decl":{"start":{"line":39,"column":9},"end":{"line":39,"column":34}},"loc":{"start":{"line":39,"column":34},"end":{"line":42,"column":null}},"line":39},"4":{"name":"(anonymous_4)","decl":{"start":{"line":44,"column":35},"end":{"line":44,"column":36}},"loc":{"start":{"line":44,"column":64},"end":{"line":61,"column":1}},"line":44},"5":{"name":"(anonymous_5)","decl":{"start":{"line":63,"column":37},"end":{"line":63,"column":38}},"loc":{"start":{"line":63,"column":69},"end":{"line":67,"column":1}},"line":63}},"branchMap":{"0":{"loc":{"start":{"line":11,"column":4},"end":{"line":13,"column":null}},"type":"if","locations":[{"start":{"line":11,"column":4},"end":{"line":13,"column":null}},{"start":{},"end":{}}],"line":11},"1":{"loc":{"start":{"line":19,"column":4},"end":{"line":21,"column":null}},"type":"if","locations":[{"start":{"line":19,"column":4},"end":{"line":21,"column":null}},{"start":{},"end":{}}],"line":19},"2":{"loc":{"start":{"line":26,"column":4},"end":{"line":28,"column":null}},"type":"if","locations":[{"start":{"line":26,"column":4},"end":{"line":28,"column":null}},{"start":{},"end":{}}],"line":26},"3":{"loc":{"start":{"line":34,"column":4},"end":{"line":36,"column":null}},"type":"if","locations":[{"start":{"line":34,"column":4},"end":{"line":36,"column":null}},{"start":{},"end":{}}],"line":34},"4":{"loc":{"start":{"line":41,"column":11},"end":{"line":41,"column":null}},"type":"binary-expr","locations":[{"start":{"line":41,"column":11},"end":{"line":41,"column":31}},{"start":{"line":41,"column":31},"end":{"line":41,"column":null}}],"line":41},"5":{"loc":{"start":{"line":47,"column":4},"end":{"line":50,"column":null}},"type":"if","locations":[{"start":{"line":47,"column":4},"end":{"line":50,"column":null}},{"start":{},"end":{}}],"line":47},"6":{"loc":{"start":{"line":52,"column":4},"end":{"line":55,"column":null}},"type":"if","locations":[{"start":{"line":52,"column":4},"end":{"line":55,"column":null}},{"start":{},"end":{}}],"line":52},"7":{"loc":{"start":{"line":52,"column":8},"end":{"line":52,"column":93}},"type":"binary-expr","locations":[{"start":{"line":52,"column":8},"end":{"line":52,"column":50}},{"start":{"line":52,"column":50},"end":{"line":52,"column":93}}],"line":52},"8":{"loc":{"start":{"line":58,"column":4},"end":{"line":60,"column":null}},"type":"if","locations":[{"start":{"line":58,"column":4},"end":{"line":60,"column":null}},{"start":{},"end":{}}],"line":58},"9":{"loc":{"start":{"line":58,"column":8},"end":{"line":58,"column":83}},"type":"binary-expr","locations":[{"start":{"line":58,"column":8},"end":{"line":58,"column":19}},{"start":{"line":58,"column":19},"end":{"line":58,"column":38}},{"start":{"line":58,"column":38},"end":{"line":58,"column":83}}],"line":58},"10":{"loc":{"start":{"line":64,"column":4},"end":{"line":66,"column":null}},"type":"if","locations":[{"start":{"line":64,"column":4},"end":{"line":66,"column":null}},{"start":{},"end":{}}],"line":64},"11":{"loc":{"start":{"line":64,"column":8},"end":{"line":64,"column":51}},"type":"binary-expr","locations":[{"start":{"line":64,"column":8},"end":{"line":64,"column":34}},{"start":{"line":64,"column":34},"end":{"line":64,"column":51}}],"line":64}},"s":{"0":1,"1":25,"2":12,"3":12,"4":1,"5":11,"6":11,"7":11,"8":11,"9":10,"10":7,"11":7,"12":1,"13":6,"14":6,"15":6,"16":6,"17":5,"18":4,"19":4,"20":1,"21":19,"22":19,"23":12,"24":12,"25":7,"26":5,"27":5,"28":2,"29":2,"30":1,"31":1,"32":2,"33":1},"f":{"0":25,"1":12,"2":7,"3":4,"4":19,"5":2},"b":{"0":[1,11],"1":[10,1],"2":[1,6],"3":[5,1],"4":[4,4],"5":[12,7],"6":[5,2],"7":[7,3],"8":[1,1],"9":[2,2,2],"10":[1,1],"11":[2,2]},"meta":{"lastBranch":12,"lastFunction":6,"lastStatement":34,"seen":{"s:3:21:3:Infinity":0,"f:5:9:5:42":0,"s:6:4:6:Infinity":1,"f:9:9:9:29":1,"s:10:20:10:Infinity":2,"b:11:4:13:Infinity:undefined:undefined:undefined:undefined":0,"s:11:4:13:Infinity":3,"s:12:8:12:Infinity":4,"s:15:4:15:Infinity":5,"s:16:4:16:Infinity":6,"s:18:24:18:Infinity":7,"b:19:4:21:Infinity:undefined:undefined:undefined:undefined":1,"s:19:4:21:Infinity":8,"s:20:8:20:Infinity":9,"f:24:9:24:30":2,"s:25:20:25:Infinity":10,"b:26:4:28:Infinity:undefined:undefined:undefined:undefined":2,"s:26:4:28:Infinity":11,"s:27:8:27:Infinity":12,"s:30:4:30:Infinity":13,"s:31:4:31:Infinity":14,"s:33:23:33:Infinity":15,"b:34:4:36:Infinity:undefined:undefined:undefined:undefined":3,"s:34:4:36:Infinity":16,"s:35:8:35:Infinity":17,"f:39:9:39:34":3,"s:40:20:40:Infinity":18,"s:41:4:41:Infinity":19,"b:41:11:41:31:41:31:41:Infinity":4,"s:44:0:61:Infinity":20,"f:44:35:44:36":4,"s:45:19:45:Infinity":21,"b:47:4:50:Infinity:undefined:undefined:undefined:undefined":5,"s:47:4:50:Infinity":22,"s:48:8:48:Infinity":23,"s:49:8:49:Infinity":24,"b:52:4:55:Infinity:undefined:undefined:undefined:undefined":6,"s:52:4:55:Infinity":25,"b:52:8:52:50:52:50:52:93":7,"s:53:8:53:Infinity":26,"s:54:8:54:Infinity":27,"s:57:20:57:Infinity":28,"b:58:4:60:Infinity:undefined:undefined:undefined:undefined":8,"s:58:4:60:Infinity":29,"b:58:8:58:19:58:19:58:38:58:38:58:83":9,"s:59:8:59:Infinity":30,"s:63:0:67:Infinity":31,"f:63:37:63:38":5,"b:64:4:66:Infinity:undefined:undefined:undefined:undefined":10,"s:64:4:66:Infinity":32,"b:64:8:64:34:64:34:64:51":11,"s:65:8:65:Infinity":33}}}
,"/var/www/html/resources/js/permission-matrix.ts": {"path":"/var/www/html/resources/js/permission-matrix.ts","statementMap":{"0":{"start":{"line":1,"column":0},"end":{"line":24,"column":null}},"1":{"start":{"line":2,"column":4},"end":{"line":23,"column":null}},"2":{"start":{"line":6,"column":8},"end":{"line":10,"column":null}},"3":{"start":{"line":7,"column":28},"end":{"line":7,"column":null}},"4":{"start":{"line":7,"column":66},"end":{"line":7,"column":76}},"5":{"start":{"line":8,"column":12},"end":{"line":8,"column":null}},"6":{"start":{"line":9,"column":12},"end":{"line":9,"column":null}},"7":{"start":{"line":6,"column":17},"end":{"line":6,"column":43}},"8":{"start":{"line":3,"column":27},"end":{"line":3,"column":null}},"9":{"start":{"line":4,"column":27},"end":{"line":4,"column":null}},"10":{"start":{"line":12,"column":8},"end":{"line":16,"column":null}},"11":{"start":{"line":13,"column":12},"end":{"line":15,"column":null}},"12":{"start":{"line":14,"column":16},"end":{"line":14,"column":null}},"13":{"start":{"line":18,"column":8},"end":{"line":20,"column":null}},"14":{"start":{"line":19,"column":12},"end":{"line":19,"column":null}},"15":{"start":{"line":22,"column":8},"end":{"line":22,"column":null}}},"fnMap":{"0":{"name":"(anonymous_0)","decl":{"start":{"line":1,"column":46},"end":{"line":1,"column":52}},"loc":{"start":{"line":1,"column":52},"end":{"line":24,"column":1}},"line":1},"1":{"name":"(anonymous_1)","decl":{"start":{"line":6,"column":8},"end":{"line":6,"column":17}},"loc":{"start":{"line":6,"column":43},"end":{"line":10,"column":null}},"line":6},"2":{"name":"(anonymous_2)","decl":{"start":{"line":7,"column":58},"end":{"line":7,"column":59}},"loc":{"start":{"line":7,"column":66},"end":{"line":7,"column":76}},"line":7},"3":{"name":"(anonymous_3)","decl":{"start":{"line":12,"column":42},"end":{"line":12,"column":48}},"loc":{"start":{"line":12,"column":48},"end":{"line":16,"column":9}},"line":12}},"branchMap":{"0":{"loc":{"start":{"line":8,"column":29},"end":{"line":8,"column":null}},"type":"binary-expr","locations":[{"start":{"line":8,"column":29},"end":{"line":8,"column":69}},{"start":{"line":8,"column":69},"end":{"line":8,"column":null}}],"line":8},"1":{"loc":{"start":{"line":9,"column":35},"end":{"line":9,"column":null}},"type":"binary-expr","locations":[{"start":{"line":9,"column":35},"end":{"line":9,"column":57}},{"start":{"line":9,"column":57},"end":{"line":9,"column":null}}],"line":9}},"s":{"0":5,"1":15,"2":15,"3":20,"4":40,"5":20,"6":20,"7":15,"8":15,"9":15,"10":15,"11":3,"12":6,"13":15,"14":30,"15":15},"f":{"0":15,"1":20,"2":40,"3":3},"b":{"0":[20,5],"1":[20,14]},"meta":{"lastBranch":2,"lastFunction":4,"lastStatement":16,"seen":{"s:1:0:24:Infinity":0,"f:1:46:1:52":0,"s:2:4:23:Infinity":1,"s:6:8:10:Infinity":2,"f:6:8:6:17":1,"s:7:28:7:Infinity":3,"f:7:58:7:59":2,"s:7:66:7:76":4,"s:8:12:8:Infinity":5,"b:8:29:8:69:8:69:8:Infinity":0,"s:9:12:9:Infinity":6,"b:9:35:9:57:9:57:9:Infinity":1,"s:6:17:6:43":7,"s:3:27:3:Infinity":8,"s:4:27:4:Infinity":9,"s:12:8:16:Infinity":10,"f:12:42:12:48":3,"s:13:12:15:Infinity":11,"s:14:16:14:Infinity":12,"s:18:8:20:Infinity":13,"s:19:12:19:Infinity":14,"s:22:8:22:Infinity":15}}}
,"/var/www/html/resources/js/dialog/AlertDialogBody.vue": {"path":"/var/www/html/resources/js/dialog/AlertDialogBody.vue","statementMap":{"0":{"start":{"line":3,"column":13},"end":{"line":3,"column":null}}},"fnMap":{},"branchMap":{},"s":{"0":4},"f":{},"b":{},"meta":{"lastBranch":0,"lastFunction":0,"lastStatement":1,"seen":{"s:3:13:3:Infinity":0}}}
,"/var/www/html/resources/js/dialog/ConfirmDialogBody.vue": {"path":"/var/www/html/resources/js/dialog/ConfirmDialogBody.vue","statementMap":{"0":{"start":{"line":3,"column":13},"end":{"line":3,"column":null}}},"fnMap":{},"branchMap":{},"s":{"0":6},"f":{},"b":{},"meta":{"lastBranch":0,"lastFunction":0,"lastStatement":1,"seen":{"s:3:13:3:Infinity":0}}}
,"/var/www/html/resources/js/dialog/DialogRoot.vue": {"path":"/var/www/html/resources/js/dialog/DialogRoot.vue","statementMap":{},"fnMap":{},"branchMap":{},"s":{},"f":{},"b":{},"meta":{"lastBranch":0,"lastFunction":0,"lastStatement":0,"seen":{}}}
,"/var/www/html/resources/js/dialog/ModalOverlay.vue": {"path":"/var/www/html/resources/js/dialog/ModalOverlay.vue","statementMap":{"0":{"start":{"line":4,"column":13},"end":{"line":4,"column":null}},"1":{"start":{"line":6,"column":6},"end":{"line":6,"column":null}},"2":{"start":{"line":7,"column":6},"end":{"line":7,"column":null}},"3":{"start":{"line":10,"column":4},"end":{"line":14,"column":null}},"4":{"start":{"line":18,"column":4},"end":{"line":20,"column":null}},"5":{"start":{"line":19,"column":8},"end":{"line":19,"column":null}},"6":{"start":{"line":22,"column":22},"end":{"line":22,"column":null}},"7":{"start":{"line":23,"column":4},"end":{"line":26,"column":null}},"8":{"start":{"line":24,"column":8},"end":{"line":24,"column":null}},"9":{"start":{"line":25,"column":8},"end":{"line":25,"column":null}},"10":{"start":{"line":28,"column":18},"end":{"line":28,"column":null}},"11":{"start":{"line":29,"column":17},"end":{"line":29,"column":null}},"12":{"start":{"line":31,"column":4},"end":{"line":37,"column":null}},"13":{"start":{"line":32,"column":8},"end":{"line":32,"column":null}},"14":{"start":{"line":33,"column":8},"end":{"line":33,"column":null}},"15":{"start":{"line":34,"column":4},"end":{"line":37,"column":null}},"16":{"start":{"line":35,"column":8},"end":{"line":35,"column":null}},"17":{"start":{"line":36,"column":8},"end":{"line":36,"column":null}},"18":{"start":{"line":41,"column":4},"end":{"line":44,"column":null}},"19":{"start":{"line":42,"column":8},"end":{"line":42,"column":null}},"20":{"start":{"line":43,"column":8},"end":{"line":43,"column":null}},"21":{"start":{"line":45,"column":4},"end":{"line":45,"column":null}},"22":{"start":{"line":48,"column":0},"end":{"line":52,"column":null}},"23":{"start":{"line":49,"column":4},"end":{"line":49,"column":null}},"24":{"start":{"line":50,"column":4},"end":{"line":50,"column":null}},"25":{"start":{"line":51,"column":4},"end":{"line":51,"column":null}},"26":{"start":{"line":54,"column":0},"end":{"line":61,"column":null}},"27":{"start":{"line":55,"column":4},"end":{"line":55,"column":null}},"28":{"start":{"line":56,"column":4},"end":{"line":56,"column":null}},"29":{"start":{"line":57,"column":17},"end":{"line":57,"column":null}},"30":{"start":{"line":58,"column":4},"end":{"line":60,"column":null}},"31":{"start":{"line":59,"column":8},"end":{"line":59,"column":null}}},"fnMap":{"0":{"name":"getFocusableElements","decl":{"start":{"line":9,"column":9},"end":{"line":9,"column":47}},"loc":{"start":{"line":9,"column":47},"end":{"line":15,"column":null}},"line":9},"1":{"name":"trapFocus","decl":{"start":{"line":17,"column":9},"end":{"line":17,"column":19}},"loc":{"start":{"line":17,"column":47},"end":{"line":38,"column":null}},"line":17},"2":{"name":"onKeydown","decl":{"start":{"line":40,"column":9},"end":{"line":40,"column":19}},"loc":{"start":{"line":40,"column":47},"end":{"line":46,"column":null}},"line":40},"3":{"name":"(anonymous_3)","decl":{"start":{"line":48,"column":10},"end":{"line":48,"column":16}},"loc":{"start":{"line":48,"column":16},"end":{"line":52,"column":1}},"line":48},"4":{"name":"(anonymous_4)","decl":{"start":{"line":54,"column":12},"end":{"line":54,"column":18}},"loc":{"start":{"line":54,"column":18},"end":{"line":61,"column":1}},"line":54}},"branchMap":{"0":{"loc":{"start":{"line":18,"column":4},"end":{"line":20,"column":null}},"type":"if","locations":[{"start":{"line":18,"column":4},"end":{"line":20,"column":null}},{"start":{},"end":{}}],"line":18},"1":{"loc":{"start":{"line":23,"column":4},"end":{"line":26,"column":null}},"type":"if","locations":[{"start":{"line":23,"column":4},"end":{"line":26,"column":null}},{"start":{},"end":{}}],"line":23},"2":{"loc":{"start":{"line":31,"column":4},"end":{"line":37,"column":null}},"type":"if","locations":[{"start":{"line":31,"column":4},"end":{"line":37,"column":null}},{"start":{"line":34,"column":4},"end":{"line":37,"column":null}}],"line":31},"3":{"loc":{"start":{"line":31,"column":8},"end":{"line":31,"column":60}},"type":"binary-expr","locations":[{"start":{"line":31,"column":8},"end":{"line":31,"column":26}},{"start":{"line":31,"column":26},"end":{"line":31,"column":60}}],"line":31},"4":{"loc":{"start":{"line":34,"column":4},"end":{"line":37,"column":null}},"type":"if","locations":[{"start":{"line":34,"column":4},"end":{"line":37,"column":null}},{"start":{},"end":{}}],"line":34},"5":{"loc":{"start":{"line":34,"column":15},"end":{"line":34,"column":67}},"type":"binary-expr","locations":[{"start":{"line":34,"column":15},"end":{"line":34,"column":34}},{"start":{"line":34,"column":34},"end":{"line":34,"column":67}}],"line":34},"6":{"loc":{"start":{"line":41,"column":4},"end":{"line":44,"column":null}},"type":"if","locations":[{"start":{"line":41,"column":4},"end":{"line":44,"column":null}},{"start":{},"end":{}}],"line":41},"7":{"loc":{"start":{"line":58,"column":4},"end":{"line":60,"column":null}},"type":"if","locations":[{"start":{"line":58,"column":4},"end":{"line":60,"column":null}},{"start":{},"end":{}}],"line":58}},"s":{"0":17,"1":17,"2":17,"3":22,"4":30,"5":8,"6":22,"7":22,"8":16,"9":16,"10":6,"11":6,"12":6,"13":1,"14":1,"15":5,"16":1,"17":1,"18":32,"19":2,"20":2,"21":30,"22":17,"23":17,"24":17,"25":17,"26":17,"27":8,"28":8,"29":8,"30":8,"31":7},"f":{"0":22,"1":30,"2":32,"3":17,"4":8},"b":{"0":[8,22],"1":[16,6],"2":[1,5],"3":[6,2],"4":[1,4],"5":[5,4],"6":[2,30],"7":[7,1]},"meta":{"lastBranch":8,"lastFunction":5,"lastStatement":32,"seen":{"s:4:13:4:Infinity":0,"s:6:6:6:Infinity":1,"s:7:6:7:Infinity":2,"f:9:9:9:47":0,"s:10:4:14:Infinity":3,"f:17:9:17:19":1,"b:18:4:20:Infinity:undefined:undefined:undefined:undefined":0,"s:18:4:20:Infinity":4,"s:19:8:19:Infinity":5,"s:22:22:22:Infinity":6,"b:23:4:26:Infinity:undefined:undefined:undefined:undefined":1,"s:23:4:26:Infinity":7,"s:24:8:24:Infinity":8,"s:25:8:25:Infinity":9,"s:28:18:28:Infinity":10,"s:29:17:29:Infinity":11,"b:31:4:37:Infinity:34:4:37:Infinity":2,"s:31:4:37:Infinity":12,"b:31:8:31:26:31:26:31:60":3,"s:32:8:32:Infinity":13,"s:33:8:33:Infinity":14,"b:34:4:37:Infinity:undefined:undefined:undefined:undefined":4,"s:34:4:37:Infinity":15,"b:34:15:34:34:34:34:34:67":5,"s:35:8:35:Infinity":16,"s:36:8:36:Infinity":17,"f:40:9:40:19":2,"b:41:4:44:Infinity:undefined:undefined:undefined:undefined":6,"s:41:4:44:Infinity":18,"s:42:8:42:Infinity":19,"s:43:8:43:Infinity":20,"s:45:4:45:Infinity":21,"s:48:0:52:Infinity":22,"f:48:10:48:16":3,"s:49:4:49:Infinity":23,"s:50:4:50:Infinity":24,"s:51:4:51:Infinity":25,"s:54:0:61:Infinity":26,"f:54:12:54:18":4,"s:55:4:55:Infinity":27,"s:56:4:56:Infinity":28,"s:57:17:57:Infinity":29,"b:58:4:60:Infinity:undefined:undefined:undefined:undefined":7,"s:58:4:60:Infinity":30,"s:59:8:59:Infinity":31}}}
,"/var/www/html/resources/js/dialog/dialog-queue.ts": {"path":"/var/www/html/resources/js/dialog/dialog-queue.ts","statementMap":{"0":{"start":{"line":3,"column":7},"end":{"line":3,"column":null}},"1":{"start":{"line":4,"column":4},"end":{"line":4,"column":null}},"2":{"start":{"line":5,"column":4},"end":{"line":5,"column":null}},"3":{"start":{"line":3,"column":12},"end":{"line":3,"column":null}},"4":{"start":{"line":16,"column":13},"end":{"line":16,"column":null}},"5":{"start":{"line":18,"column":13},"end":{"line":18,"column":null}},"6":{"start":{"line":20,"column":13},"end":{"line":20,"column":null}},"7":{"start":{"line":20,"column":81},"end":{"line":20,"column":91}},"8":{"start":{"line":23,"column":33},"end":{"line":23,"column":null}},"9":{"start":{"line":24,"column":4},"end":{"line":24,"column":null}},"10":{"start":{"line":25,"column":4},"end":{"line":25,"column":null}},"11":{"start":{"line":29,"column":33},"end":{"line":29,"column":null}},"12":{"start":{"line":30,"column":4},"end":{"line":30,"column":null}},"13":{"start":{"line":31,"column":4},"end":{"line":31,"column":null}},"14":{"start":{"line":31,"column":41},"end":{"line":31,"column":50}},"15":{"start":{"line":35,"column":26},"end":{"line":35,"column":null}},"16":{"start":{"line":35,"column":51},"end":{"line":35,"column":62}},"17":{"start":{"line":36,"column":4},"end":{"line":38,"column":null}},"18":{"start":{"line":37,"column":8},"end":{"line":37,"column":null}},"19":{"start":{"line":39,"column":4},"end":{"line":39,"column":null}},"20":{"start":{"line":40,"column":4},"end":{"line":40,"column":null}},"21":{"start":{"line":44,"column":4},"end":{"line":46,"column":null}},"22":{"start":{"line":45,"column":8},"end":{"line":45,"column":null}},"23":{"start":{"line":50,"column":4},"end":{"line":50,"column":null}}},"fnMap":{"0":{"name":"(anonymous_0)","decl":{"start":{"line":3,"column":7},"end":{"line":3,"column":12}},"loc":{"start":{"line":3,"column":7},"end":{"line":3,"column":null}},"line":3},"1":{"name":"(anonymous_1)","decl":{"start":{"line":20,"column":75},"end":{"line":20,"column":81}},"loc":{"start":{"line":20,"column":81},"end":{"line":20,"column":91}},"line":20},"2":{"name":"confirm","decl":{"start":{"line":22,"column":16},"end":{"line":22,"column":24}},"loc":{"start":{"line":22,"column":87},"end":{"line":26,"column":null}},"line":22},"3":{"name":"alert","decl":{"start":{"line":28,"column":16},"end":{"line":28,"column":22}},"loc":{"start":{"line":28,"column":82},"end":{"line":32,"column":null}},"line":28},"4":{"name":"(anonymous_4)","decl":{"start":{"line":31,"column":24},"end":{"line":31,"column":41}},"loc":{"start":{"line":31,"column":41},"end":{"line":31,"column":50}},"line":31},"5":{"name":"resolveDialog","decl":{"start":{"line":34,"column":16},"end":{"line":34,"column":30}},"loc":{"start":{"line":34,"column":65},"end":{"line":41,"column":null}},"line":34},"6":{"name":"(anonymous_6)","decl":{"start":{"line":35,"column":44},"end":{"line":35,"column":45}},"loc":{"start":{"line":35,"column":51},"end":{"line":35,"column":62}},"line":35},"7":{"name":"clearDialogs","decl":{"start":{"line":43,"column":16},"end":{"line":43,"column":37}},"loc":{"start":{"line":43,"column":37},"end":{"line":47,"column":null}},"line":43},"8":{"name":"resetNextId","decl":{"start":{"line":49,"column":16},"end":{"line":49,"column":36}},"loc":{"start":{"line":49,"column":36},"end":{"line":51,"column":null}},"line":49}},"branchMap":{"0":{"loc":{"start":{"line":3,"column":12},"end":{"line":3,"column":null}},"type":"binary-expr","locations":[{"start":{"line":3,"column":12},"end":{"line":3,"column":null}},{"start":{"line":3,"column":12},"end":{"line":3,"column":null}}],"line":3},"1":{"loc":{"start":{"line":36,"column":4},"end":{"line":38,"column":null}},"type":"if","locations":[{"start":{"line":36,"column":4},"end":{"line":38,"column":null}},{"start":{},"end":{}}],"line":36}},"s":{"0":2,"1":2,"2":2,"3":2,"4":2,"5":2,"6":2,"7":12,"8":7,"9":7,"10":7,"11":2,"12":2,"13":2,"14":1,"15":8,"16":8,"17":8,"18":1,"19":7,"20":7,"21":13,"22":7,"23":13},"f":{"0":2,"1":12,"2":7,"3":2,"4":1,"5":8,"6":8,"7":13,"8":13},"b":{"0":[2,2],"1":[1,7]},"meta":{"lastBranch":2,"lastFunction":9,"lastStatement":24,"seen":{"s:3:7:3:Infinity":0,"f:3:7:3:12":0,"s:4:4:4:Infinity":1,"s:5:4:5:Infinity":2,"s:3:12:3:Infinity":3,"b:3:12:3:Infinity:3:12:3:Infinity":0,"s:16:13:16:Infinity":4,"s:18:13:18:Infinity":5,"s:20:13:20:Infinity":6,"f:20:75:20:81":1,"s:20:81:20:91":7,"f:22:16:22:24":2,"s:23:33:23:Infinity":8,"s:24:4:24:Infinity":9,"s:25:4:25:Infinity":10,"f:28:16:28:22":3,"s:29:33:29:Infinity":11,"s:30:4:30:Infinity":12,"s:31:4:31:Infinity":13,"f:31:24:31:41":4,"s:31:41:31:50":14,"f:34:16:34:30":5,"s:35:26:35:Infinity":15,"f:35:44:35:45":6,"s:35:51:35:62":16,"b:36:4:38:Infinity:undefined:undefined:undefined:undefined":1,"s:36:4:38:Infinity":17,"s:37:8:37:Infinity":18,"s:39:4:39:Infinity":19,"s:40:4:40:Infinity":20,"f:43:16:43:37":7,"s:44:4:46:Infinity":21,"s:45:8:45:Infinity":22,"f:49:16:49:36":8,"s:50:4:50:Infinity":23}}}
,"/var/www/html/resources/js/role-selector/RoleSelector.vue": {"path":"/var/www/html/resources/js/role-selector/RoleSelector.vue","statementMap":{"0":{"start":{"line":10,"column":14},"end":{"line":10,"column":null}},"1":{"start":{"line":15,"column":6},"end":{"line":15,"column":null}},"2":{"start":{"line":16,"column":6},"end":{"line":16,"column":null}},"3":{"start":{"line":17,"column":6},"end":{"line":17,"column":null}},"4":{"start":{"line":18,"column":6},"end":{"line":18,"column":null}},"5":{"start":{"line":19,"column":6},"end":{"line":19,"column":null}},"6":{"start":{"line":20,"column":6},"end":{"line":20,"column":null}},"7":{"start":{"line":22,"column":6},"end":{"line":26,"column":null}},"8":{"start":{"line":23,"column":4},"end":{"line":25,"column":null}},"9":{"start":{"line":24,"column":15},"end":{"line":24,"column":null}},"10":{"start":{"line":28,"column":6},"end":{"line":28,"column":null}},"11":{"start":{"line":28,"column":37},"end":{"line":28,"column":97}},"12":{"start":{"line":28,"column":72},"end":{"line":28,"column":96}},"13":{"start":{"line":30,"column":0},"end":{"line":32,"column":null}},"14":{"start":{"line":31,"column":4},"end":{"line":31,"column":null}},"15":{"start":{"line":35,"column":4},"end":{"line":35,"column":null}},"16":{"start":{"line":39,"column":4},"end":{"line":39,"column":null}},"17":{"start":{"line":40,"column":4},"end":{"line":40,"column":null}},"18":{"start":{"line":44,"column":4},"end":{"line":44,"column":null}},"19":{"start":{"line":45,"column":4},"end":{"line":45,"column":null}},"20":{"start":{"line":46,"column":4},"end":{"line":46,"column":null}},"21":{"start":{"line":50,"column":17},"end":{"line":50,"column":null}},"22":{"start":{"line":51,"column":4},"end":{"line":51,"column":null}},"23":{"start":{"line":52,"column":4},"end":{"line":52,"column":null}},"24":{"start":{"line":56,"column":4},"end":{"line":59,"column":null}},"25":{"start":{"line":57,"column":8},"end":{"line":57,"column":null}},"26":{"start":{"line":58,"column":8},"end":{"line":58,"column":null}},"27":{"start":{"line":61,"column":4},"end":{"line":65,"column":null}},"28":{"start":{"line":62,"column":20},"end":{"line":62,"column":null}},"29":{"start":{"line":63,"column":8},"end":{"line":63,"column":null}},"30":{"start":{"line":64,"column":8},"end":{"line":64,"column":null}},"31":{"start":{"line":67,"column":4},"end":{"line":67,"column":null}},"32":{"start":{"line":71,"column":4},"end":{"line":82,"column":null}},"33":{"start":{"line":72,"column":8},"end":{"line":72,"column":null}},"34":{"start":{"line":73,"column":8},"end":{"line":73,"column":null}},"35":{"start":{"line":74,"column":8},"end":{"line":74,"column":null}},"36":{"start":{"line":75,"column":4},"end":{"line":82,"column":null}},"37":{"start":{"line":76,"column":8},"end":{"line":76,"column":null}},"38":{"start":{"line":77,"column":8},"end":{"line":77,"column":null}},"39":{"start":{"line":78,"column":8},"end":{"line":78,"column":null}},"40":{"start":{"line":79,"column":4},"end":{"line":82,"column":null}},"41":{"start":{"line":80,"column":8},"end":{"line":80,"column":null}},"42":{"start":{"line":81,"column":8},"end":{"line":81,"column":null}},"43":{"start":{"line":86,"column":4},"end":{"line":88,"column":null}},"44":{"start":{"line":87,"column":8},"end":{"line":87,"column":null}},"45":{"start":{"line":90,"column":4},"end":{"line":92,"column":null}},"46":{"start":{"line":91,"column":8},"end":{"line":91,"column":null}},"47":{"start":{"line":96,"column":4},"end":{"line":96,"column":null}},"48":{"start":{"line":97,"column":4},"end":{"line":97,"column":null}}},"fnMap":{"0":{"name":"(anonymous_0)","decl":{"start":{"line":22,"column":31},"end":{"line":22,"column":null}},"loc":{"start":{"line":23,"column":4},"end":{"line":25,"column":null}},"line":23},"1":{"name":"(anonymous_1)","decl":{"start":{"line":24,"column":8},"end":{"line":24,"column":9}},"loc":{"start":{"line":24,"column":15},"end":{"line":24,"column":null}},"line":24},"2":{"name":"(anonymous_2)","decl":{"start":{"line":28,"column":31},"end":{"line":28,"column":37}},"loc":{"start":{"line":28,"column":37},"end":{"line":28,"column":97}},"line":28},"3":{"name":"(anonymous_3)","decl":{"start":{"line":28,"column":65},"end":{"line":28,"column":66}},"loc":{"start":{"line":28,"column":72},"end":{"line":28,"column":96}},"line":28},"4":{"name":"(anonymous_4)","decl":{"start":{"line":30,"column":21},"end":{"line":30,"column":27}},"loc":{"start":{"line":30,"column":27},"end":{"line":32,"column":1}},"line":30},"5":{"name":"openDropdown","decl":{"start":{"line":34,"column":9},"end":{"line":34,"column":30}},"loc":{"start":{"line":34,"column":30},"end":{"line":36,"column":null}},"line":34},"6":{"name":"closeDropdown","decl":{"start":{"line":38,"column":9},"end":{"line":38,"column":31}},"loc":{"start":{"line":38,"column":31},"end":{"line":41,"column":null}},"line":38},"7":{"name":"selectRole","decl":{"start":{"line":43,"column":9},"end":{"line":43,"column":20}},"loc":{"start":{"line":43,"column":38},"end":{"line":47,"column":null}},"line":43},"8":{"name":"removeRole","decl":{"start":{"line":49,"column":9},"end":{"line":49,"column":20}},"loc":{"start":{"line":49,"column":38},"end":{"line":53,"column":null}},"line":49},"9":{"name":"handleEscapeOrBackspace","decl":{"start":{"line":55,"column":9},"end":{"line":55,"column":33}},"loc":{"start":{"line":55,"column":64},"end":{"line":68,"column":null}},"line":55},"10":{"name":"handleArrowNavigation","decl":{"start":{"line":70,"column":9},"end":{"line":70,"column":31}},"loc":{"start":{"line":70,"column":59},"end":{"line":83,"column":null}},"line":70},"11":{"name":"onKeydown","decl":{"start":{"line":85,"column":9},"end":{"line":85,"column":19}},"loc":{"start":{"line":85,"column":47},"end":{"line":93,"column":null}},"line":85},"12":{"name":"scrollToActive","decl":{"start":{"line":95,"column":15},"end":{"line":95,"column":47}},"loc":{"start":{"line":95,"column":47},"end":{"line":98,"column":null}},"line":95}},"branchMap":{"0":{"loc":{"start":{"line":24,"column":15},"end":{"line":24,"column":null}},"type":"binary-expr","locations":[{"start":{"line":24,"column":15},"end":{"line":24,"column":44}},{"start":{"line":24,"column":44},"end":{"line":24,"column":null}}],"line":24},"1":{"loc":{"start":{"line":56,"column":4},"end":{"line":59,"column":null}},"type":"if","locations":[{"start":{"line":56,"column":4},"end":{"line":59,"column":null}},{"start":{},"end":{}}],"line":56},"2":{"loc":{"start":{"line":61,"column":4},"end":{"line":65,"column":null}},"type":"if","locations":[{"start":{"line":61,"column":4},"end":{"line":65,"column":null}},{"start":{},"end":{}}],"line":61},"3":{"loc":{"start":{"line":61,"column":8},"end":{"line":61,"column":85}},"type":"binary-expr","locations":[{"start":{"line":61,"column":8},"end":{"line":61,"column":37}},{"start":{"line":61,"column":37},"end":{"line":61,"column":60}},{"start":{"line":61,"column":60},"end":{"line":61,"column":85}}],"line":61},"4":{"loc":{"start":{"line":71,"column":4},"end":{"line":82,"column":null}},"type":"if","locations":[{"start":{"line":71,"column":4},"end":{"line":82,"column":null}},{"start":{"line":75,"column":4},"end":{"line":82,"column":null}}],"line":71},"5":{"loc":{"start":{"line":75,"column":4},"end":{"line":82,"column":null}},"type":"if","locations":[{"start":{"line":75,"column":4},"end":{"line":82,"column":null}},{"start":{"line":79,"column":4},"end":{"line":82,"column":null}}],"line":75},"6":{"loc":{"start":{"line":79,"column":4},"end":{"line":82,"column":null}},"type":"if","locations":[{"start":{"line":79,"column":4},"end":{"line":82,"column":null}},{"start":{},"end":{}}],"line":79},"7":{"loc":{"start":{"line":79,"column":15},"end":{"line":79,"column":64}},"type":"binary-expr","locations":[{"start":{"line":79,"column":15},"end":{"line":79,"column":40}},{"start":{"line":79,"column":40},"end":{"line":79,"column":64}}],"line":79},"8":{"loc":{"start":{"line":86,"column":4},"end":{"line":88,"column":null}},"type":"if","locations":[{"start":{"line":86,"column":4},"end":{"line":88,"column":null}},{"start":{},"end":{}}],"line":86},"9":{"loc":{"start":{"line":90,"column":4},"end":{"line":92,"column":null}},"type":"if","locations":[{"start":{"line":90,"column":4},"end":{"line":92,"column":null}},{"start":{},"end":{}}],"line":90},"10":{"loc":{"start":{"line":90,"column":8},"end":{"line":90,"column":56}},"type":"binary-expr","locations":[{"start":{"line":90,"column":8},"end":{"line":90,"column":24}},{"start":{"line":90,"column":24},"end":{"line":90,"column":56}}],"line":90}},"s":{"0":11,"1":11,"2":11,"3":11,"4":11,"5":11,"6":11,"7":11,"8":16,"9":48,"10":11,"11":15,"12":45,"13":11,"14":5,"15":6,"16":1,"17":1,"18":2,"19":2,"20":2,"21":2,"22":2,"23":2,"24":8,"25":1,"26":1,"27":7,"28":1,"29":1,"30":1,"31":6,"32":5,"33":2,"34":2,"35":2,"36":3,"37":1,"38":1,"39":1,"40":2,"41":1,"42":1,"43":8,"44":2,"45":6,"46":5,"47":3,"48":3},"f":{"0":16,"1":48,"2":15,"3":45,"4":5,"5":6,"6":1,"7":2,"8":2,"9":8,"10":5,"11":8,"12":3},"b":{"0":[48,39],"1":[1,7],"2":[1,6],"3":[7,1,1],"4":[2,3],"5":[1,2],"6":[1,1],"7":[2,1],"8":[2,6],"9":[5,1],"10":[6,5]},"meta":{"lastBranch":11,"lastFunction":13,"lastStatement":49,"seen":{"s:10:14:10:Infinity":0,"s:15:6:15:Infinity":1,"s:16:6:16:Infinity":2,"s:17:6:17:Infinity":3,"s:18:6:18:Infinity":4,"s:19:6:19:Infinity":5,"s:20:6:20:Infinity":6,"s:22:6:26:Infinity":7,"f:22:31:22:Infinity":0,"s:23:4:25:Infinity":8,"f:24:8:24:9":1,"s:24:15:24:Infinity":9,"b:24:15:24:44:24:44:24:Infinity":0,"s:28:6:28:Infinity":10,"f:28:31:28:37":2,"s:28:37:28:97":11,"f:28:65:28:66":3,"s:28:72:28:96":12,"s:30:0:32:Infinity":13,"f:30:21:30:27":4,"s:31:4:31:Infinity":14,"f:34:9:34:30":5,"s:35:4:35:Infinity":15,"f:38:9:38:31":6,"s:39:4:39:Infinity":16,"s:40:4:40:Infinity":17,"f:43:9:43:20":7,"s:44:4:44:Infinity":18,"s:45:4:45:Infinity":19,"s:46:4:46:Infinity":20,"f:49:9:49:20":8,"s:50:17:50:Infinity":21,"s:51:4:51:Infinity":22,"s:52:4:52:Infinity":23,"f:55:9:55:33":9,"b:56:4:59:Infinity:undefined:undefined:undefined:undefined":1,"s:56:4:59:Infinity":24,"s:57:8:57:Infinity":25,"s:58:8:58:Infinity":26,"b:61:4:65:Infinity:undefined:undefined:undefined:undefined":2,"s:61:4:65:Infinity":27,"b:61:8:61:37:61:37:61:60:61:60:61:85":3,"s:62:20:62:Infinity":28,"s:63:8:63:Infinity":29,"s:64:8:64:Infinity":30,"s:67:4:67:Infinity":31,"f:70:9:70:31":10,"b:71:4:82:Infinity:75:4:82:Infinity":4,"s:71:4:82:Infinity":32,"s:72:8:72:Infinity":33,"s:73:8:73:Infinity":34,"s:74:8:74:Infinity":35,"b:75:4:82:Infinity:79:4:82:Infinity":5,"s:75:4:82:Infinity":36,"s:76:8:76:Infinity":37,"s:77:8:77:Infinity":38,"s:78:8:78:Infinity":39,"b:79:4:82:Infinity:undefined:undefined:undefined:undefined":6,"s:79:4:82:Infinity":40,"b:79:15:79:40:79:40:79:64":7,"s:80:8:80:Infinity":41,"s:81:8:81:Infinity":42,"f:85:9:85:19":11,"b:86:4:88:Infinity:undefined:undefined:undefined:undefined":8,"s:86:4:88:Infinity":43,"s:87:8:87:Infinity":44,"b:90:4:92:Infinity:undefined:undefined:undefined:undefined":9,"s:90:4:92:Infinity":45,"b:90:8:90:24:90:24:90:56":10,"s:91:8:91:Infinity":46,"f:95:15:95:47":12,"s:96:4:96:Infinity":47,"s:97:4:97:Infinity":48}}}
,"/var/www/html/resources/js/toast/ToastContainer.vue": {"path":"/var/www/html/resources/js/toast/ToastContainer.vue","statementMap":{},"fnMap":{},"branchMap":{},"s":{},"f":{},"b":{},"meta":{"lastBranch":0,"lastFunction":0,"lastStatement":0,"seen":{}}}
,"/var/www/html/resources/js/toast/ToastItem.vue": {"path":"/var/www/html/resources/js/toast/ToastItem.vue","statementMap":{},"fnMap":{},"branchMap":{},"s":{},"f":{},"b":{},"meta":{"lastBranch":0,"lastFunction":0,"lastStatement":0,"seen":{}}}
,"/var/www/html/resources/js/toast/toast-bridge.ts": {"path":"/var/www/html/resources/js/toast/toast-bridge.ts","statementMap":{"0":{"start":{"line":3,"column":41},"end":{"line":3,"column":null}},"1":{"start":{"line":4,"column":0},"end":{"line":14,"column":null}},"2":{"start":{"line":5,"column":42},"end":{"line":5,"column":null}},"3":{"start":{"line":6,"column":40},"end":{"line":6,"column":null}},"4":{"start":{"line":8,"column":4},"end":{"line":10,"column":null}},"5":{"start":{"line":9,"column":8},"end":{"line":9,"column":null}},"6":{"start":{"line":11,"column":4},"end":{"line":13,"column":null}},"7":{"start":{"line":12,"column":8},"end":{"line":12,"column":null}}},"fnMap":{},"branchMap":{"0":{"loc":{"start":{"line":4,"column":0},"end":{"line":14,"column":null}},"type":"if","locations":[{"start":{"line":4,"column":0},"end":{"line":14,"column":null}},{"start":{},"end":{}}],"line":4},"1":{"loc":{"start":{"line":8,"column":4},"end":{"line":10,"column":null}},"type":"if","locations":[{"start":{"line":8,"column":4},"end":{"line":10,"column":null}},{"start":{},"end":{}}],"line":8},"2":{"loc":{"start":{"line":11,"column":4},"end":{"line":13,"column":null}},"type":"if","locations":[{"start":{"line":11,"column":4},"end":{"line":13,"column":null}},{"start":{},"end":{}}],"line":11}},"s":{"0":3,"1":3,"2":2,"3":2,"4":2,"5":1,"6":2,"7":1},"f":{},"b":{"0":[2,1],"1":[1,1],"2":[1,1]},"meta":{"lastBranch":3,"lastFunction":0,"lastStatement":8,"seen":{"s:3:41:3:Infinity":0,"b:4:0:14:Infinity:undefined:undefined:undefined:undefined":0,"s:4:0:14:Infinity":1,"s:5:42:5:Infinity":2,"s:6:40:6:Infinity":3,"b:8:4:10:Infinity:undefined:undefined:undefined:undefined":1,"s:8:4:10:Infinity":4,"s:9:8:9:Infinity":5,"b:11:4:13:Infinity:undefined:undefined:undefined:undefined":2,"s:11:4:13:Infinity":6,"s:12:8:12:Infinity":7}}}
,"/var/www/html/resources/js/toast/toast-queue.ts": {"path":"/var/www/html/resources/js/toast/toast-queue.ts","statementMap":{"0":{"start":{"line":3,"column":7},"end":{"line":3,"column":null}},"1":{"start":{"line":4,"column":4},"end":{"line":4,"column":null}},"2":{"start":{"line":5,"column":4},"end":{"line":5,"column":null}},"3":{"start":{"line":3,"column":12},"end":{"line":3,"column":null}},"4":{"start":{"line":15,"column":24},"end":{"line":15,"column":null}},"5":{"start":{"line":16,"column":22},"end":{"line":16,"column":null}},"6":{"start":{"line":17,"column":34},"end":{"line":17,"column":null}},"7":{"start":{"line":19,"column":13},"end":{"line":19,"column":null}},"8":{"start":{"line":21,"column":13},"end":{"line":21,"column":null}},"9":{"start":{"line":24,"column":42},"end":{"line":24,"column":null}},"10":{"start":{"line":24,"column":61},"end":{"line":24,"column":72}},"11":{"start":{"line":25,"column":4},"end":{"line":27,"column":null}},"12":{"start":{"line":26,"column":8},"end":{"line":26,"column":null}},"13":{"start":{"line":28,"column":4},"end":{"line":28,"column":null}},"14":{"start":{"line":29,"column":4},"end":{"line":34,"column":null}},"15":{"start":{"line":30,"column":30},"end":{"line":30,"column":null}},"16":{"start":{"line":30,"column":54},"end":{"line":30,"column":65}},"17":{"start":{"line":31,"column":8},"end":{"line":33,"column":null}},"18":{"start":{"line":32,"column":12},"end":{"line":32,"column":null}},"19":{"start":{"line":38,"column":23},"end":{"line":38,"column":null}},"20":{"start":{"line":39,"column":4},"end":{"line":39,"column":null}},"21":{"start":{"line":41,"column":28},"end":{"line":41,"column":null}},"22":{"start":{"line":42,"column":4},"end":{"line":44,"column":null}},"23":{"start":{"line":43,"column":8},"end":{"line":43,"column":null}},"24":{"start":{"line":48,"column":4},"end":{"line":48,"column":null}},"25":{"start":{"line":52,"column":4},"end":{"line":52,"column":null}},"26":{"start":{"line":56,"column":4},"end":{"line":58,"column":null}},"27":{"start":{"line":57,"column":8},"end":{"line":57,"column":null}},"28":{"start":{"line":62,"column":4},"end":{"line":62,"column":null}}},"fnMap":{"0":{"name":"(anonymous_0)","decl":{"start":{"line":3,"column":7},"end":{"line":3,"column":12}},"loc":{"start":{"line":3,"column":7},"end":{"line":3,"column":null}},"line":3},"1":{"name":"removeToast","decl":{"start":{"line":23,"column":16},"end":{"line":23,"column":28}},"loc":{"start":{"line":23,"column":46},"end":{"line":35,"column":null}},"line":23},"2":{"name":"(anonymous_2)","decl":{"start":{"line":24,"column":54},"end":{"line":24,"column":55}},"loc":{"start":{"line":24,"column":61},"end":{"line":24,"column":72}},"line":24},"3":{"name":"(anonymous_3)","decl":{"start":{"line":29,"column":15},"end":{"line":29,"column":27}},"loc":{"start":{"line":29,"column":27},"end":{"line":34,"column":7}},"line":29},"4":{"name":"(anonymous_4)","decl":{"start":{"line":30,"column":47},"end":{"line":30,"column":48}},"loc":{"start":{"line":30,"column":54},"end":{"line":30,"column":65}},"line":30},"5":{"name":"addToast","decl":{"start":{"line":37,"column":9},"end":{"line":37,"column":18}},"loc":{"start":{"line":37,"column":58},"end":{"line":45,"column":null}},"line":37},"6":{"name":"(anonymous_6)","decl":{"start":{"line":42,"column":15},"end":{"line":42,"column":27}},"loc":{"start":{"line":42,"column":27},"end":{"line":44,"column":7}},"line":42},"7":{"name":"success","decl":{"start":{"line":47,"column":16},"end":{"line":47,"column":24}},"loc":{"start":{"line":47,"column":47},"end":{"line":49,"column":null}},"line":47},"8":{"name":"error","decl":{"start":{"line":51,"column":16},"end":{"line":51,"column":22}},"loc":{"start":{"line":51,"column":45},"end":{"line":53,"column":null}},"line":51},"9":{"name":"clearToasts","decl":{"start":{"line":55,"column":16},"end":{"line":55,"column":36}},"loc":{"start":{"line":55,"column":36},"end":{"line":59,"column":null}},"line":55},"10":{"name":"resetNextId","decl":{"start":{"line":61,"column":16},"end":{"line":61,"column":36}},"loc":{"start":{"line":61,"column":36},"end":{"line":63,"column":null}},"line":61}},"branchMap":{"0":{"loc":{"start":{"line":3,"column":12},"end":{"line":3,"column":null}},"type":"binary-expr","locations":[{"start":{"line":3,"column":12},"end":{"line":3,"column":null}},{"start":{"line":3,"column":12},"end":{"line":3,"column":null}}],"line":3},"1":{"loc":{"start":{"line":25,"column":4},"end":{"line":27,"column":null}},"type":"if","locations":[{"start":{"line":25,"column":4},"end":{"line":27,"column":null}},{"start":{},"end":{}}],"line":25},"2":{"loc":{"start":{"line":31,"column":8},"end":{"line":33,"column":null}},"type":"if","locations":[{"start":{"line":31,"column":8},"end":{"line":33,"column":null}},{"start":{},"end":{}}],"line":31},"3":{"loc":{"start":{"line":41,"column":28},"end":{"line":41,"column":null}},"type":"cond-expr","locations":[{"start":{"line":41,"column":57},"end":{"line":41,"column":75}},{"start":{"line":41,"column":75},"end":{"line":41,"column":null}}],"line":41}},"s":{"0":3,"1":3,"2":3,"3":3,"4":3,"5":3,"6":3,"7":3,"8":3,"9":5,"10":5,"11":5,"12":1,"13":4,"14":4,"15":4,"16":3,"17":4,"18":3,"19":10,"20":10,"21":10,"22":10,"23":2,"24":7,"25":3,"26":13,"27":9,"28":11},"f":{"0":3,"1":5,"2":5,"3":4,"4":3,"5":10,"6":2,"7":7,"8":3,"9":13,"10":11},"b":{"0":[3,3],"1":[1,4],"2":[3,1],"3":[7,3]},"meta":{"lastBranch":4,"lastFunction":11,"lastStatement":29,"seen":{"s:3:7:3:Infinity":0,"f:3:7:3:12":0,"s:4:4:4:Infinity":1,"s:5:4:5:Infinity":2,"s:3:12:3:Infinity":3,"b:3:12:3:Infinity:3:12:3:Infinity":0,"s:15:24:15:Infinity":4,"s:16:22:16:Infinity":5,"s:17:34:17:Infinity":6,"s:19:13:19:Infinity":7,"s:21:13:21:Infinity":8,"f:23:16:23:28":1,"s:24:42:24:Infinity":9,"f:24:54:24:55":2,"s:24:61:24:72":10,"b:25:4:27:Infinity:undefined:undefined:undefined:undefined":1,"s:25:4:27:Infinity":11,"s:26:8:26:Infinity":12,"s:28:4:28:Infinity":13,"s:29:4:34:Infinity":14,"f:29:15:29:27":3,"s:30:30:30:Infinity":15,"f:30:47:30:48":4,"s:30:54:30:65":16,"b:31:8:33:Infinity:undefined:undefined:undefined:undefined":2,"s:31:8:33:Infinity":17,"s:32:12:32:Infinity":18,"f:37:9:37:18":5,"s:38:23:38:Infinity":19,"s:39:4:39:Infinity":20,"s:41:28:41:Infinity":21,"b:41:57:41:75:41:75:41:Infinity":3,"s:42:4:44:Infinity":22,"f:42:15:42:27":6,"s:43:8:43:Infinity":23,"f:47:16:47:24":7,"s:48:4:48:Infinity":24,"f:51:16:51:22":8,"s:52:4:52:Infinity":25,"f:55:16:55:36":9,"s:56:4:58:Infinity":26,"s:57:8:57:Infinity":27,"f:61:16:61:36":10,"s:62:4:62:Infinity":28}}}
}
